<?xml version="1.0" encoding="UTF-8"?>
<!-- Generated by org.testng.reporters.JUnitReportReporter -->
<testsuite skipped="0" hostname="YP1009100LT" name="sample.FirstTest" tests="3" failures="0" timestamp="20 Jul 2020 08:36:52 GMT" time="0.038" errors="0">
  <testcase name="addtest" time="0.030" classname="sample.FirstTest"/>
  <testcase name="multest" time="0.005" classname="sample.FirstTest"/>
  <testcase name="subtest" time="0.003" classname="sample.FirstTest"/>
</testsuite> <!-- sample.FirstTest -->
