<?xml version="1.0" encoding="UTF-8"?>
<!-- Generated by org.testng.reporters.JUnitReportReporter -->
<testsuite skipped="0" hostname="YP1009100LT" name="sample.FirstTest" tests="3" failures="0" timestamp="21 Jul 2020 06:24:32 GMT" time="0.035" errors="0">
  <testcase name="addtest" time="0.032" classname="sample.FirstTest"/>
  <testcase name="subtest" time="0.001" classname="sample.FirstTest"/>
  <testcase name="multest" time="0.002" classname="sample.FirstTest"/>
</testsuite> <!-- sample.FirstTest -->
